/usr/local/lib/python2.7/site-packages/urubu/md_extensions.py:135: UrubuWarning: in faq.md: Undefined reference: 'sha-util-error'
  urubu_warn(_warning.undef_ref_md, msg=ref, fn=this['fn'])
Traceback (most recent call last):
  File "/usr/local/Cellar/python/2.7.13_1/Frameworks/Python.framework/Versions/2.7/lib/python2.7/runpy.py", line 174, in _run_module_as_main
    "__main__", fname, loader, pkg_name)
  File "/usr/local/Cellar/python/2.7.13_1/Frameworks/Python.framework/Versions/2.7/lib/python2.7/runpy.py", line 72, in _run_code
    exec code in run_globals
  File "/usr/local/lib/python2.7/site-packages/urubu/__main__.py", line 20, in <module>
    main.main()
  File "/usr/local/lib/python2.7/site-packages/urubu/main.py", line 51, in main
    project.build()
  File "/usr/local/lib/python2.7/site-packages/urubu/project.py", line 489, in build
    proj.make_site()
  File "/usr/local/lib/python2.7/site-packages/urubu/project.py", line 470, in make_site
    self.process_content()
  File "/usr/local/lib/python2.7/site-packages/urubu/project.py", line 476, in process_content
    p.process()
  File "/usr/local/lib/python2.7/site-packages/urubu/processors.py", line 105, in process
    self.render()
  File "/usr/local/lib/python2.7/site-packages/urubu/processors.py", line 147, in render
    self.render_file(info)
  File "/usr/local/lib/python2.7/site-packages/urubu/processors.py", line 159, in render_file
    self.extract_text(html, info)
  File "/usr/local/lib/python2.7/site-packages/urubu/processors.py", line 174, in extract_text
    m = BeautifulSoup(html, "html.parser").select('main')
  File "/usr/local/lib/python2.7/site-packages/bs4/__init__.py", line 228, in __init__
    self._feed()
  File "/usr/local/lib/python2.7/site-packages/bs4/__init__.py", line 289, in _feed
    self.builder.feed(self.markup)
  File "/usr/local/lib/python2.7/site-packages/bs4/builder/_htmlparser.py", line 167, in feed
    parser.feed(markup)
  File "/usr/local/Cellar/python/2.7.13_1/Frameworks/Python.framework/Versions/2.7/lib/python2.7/HTMLParser.py", line 117, in feed
    self.goahead(0)
  File "/usr/local/Cellar/python/2.7.13_1/Frameworks/Python.framework/Versions/2.7/lib/python2.7/HTMLParser.py", line 161, in goahead
    k = self.parse_starttag(i)
  File "/usr/local/Cellar/python/2.7.13_1/Frameworks/Python.framework/Versions/2.7/lib/python2.7/HTMLParser.py", line 325, in parse_starttag
    self.handle_startendtag(tag, attrs)
  File "/usr/local/Cellar/python/2.7.13_1/Frameworks/Python.framework/Versions/2.7/lib/python2.7/HTMLParser.py", line 407, in handle_startendtag
    self.handle_starttag(tag, attrs)
  File "/usr/local/lib/python2.7/site-packages/bs4/builder/_htmlparser.py", line 65, in handle_starttag
    self.soup.handle_starttag(name, None, None, attr_dict)
  File "/usr/local/lib/python2.7/site-packages/bs4/__init__.py", line 465, in handle_starttag
    self.currentTag, self._most_recent_element)
  File "/usr/local/lib/python2.7/site-packages/bs4/element.py", line 849, in __init__
    self.setup(parent, previous)
  File "/usr/local/lib/python2.7/site-packages/bs4/element.py", line 214, in setup
    if self.next_element:
KeyboardInterrupt
make: *** [build] Error 1
